
Showing logs for build [32mcb-kubecd-environment-pr-198-37-cr58z-1[0m stage [32mfrom-build-pack[0m and container [32mstep-credential-initializer-zw2bw[0m
{"level":"warn","ts":1586515689.5737152,"logger":"fallback-logger","caller":"logging/config.go:69","msg":"Fetch GitHub commit ID from kodata failed: \"ref: refs/heads/0.8.0-**-support-backwards-incompats\" is not a valid GitHub commit ID"}
{"level":"info","ts":1586515689.574488,"logger":"fallback-logger","caller":"creds-init/main.go:40","msg":"Credentials initialized."}

Showing logs for build [32mcb-kubecd-environment-pr-198-37-cr58z-1[0m stage [32mfrom-build-pack[0m and container [32mstep-working-dir-initializer-8m469[0m
{"level":"warn","ts":1586515690.9318438,"logger":"fallback-logger","caller":"logging/config.go:69","msg":"Fetch GitHub commit ID from kodata failed: open /var/run/ko/HEAD: no such file or directory"}
{"level":"info","ts":1586515690.9339685,"logger":"fallback-logger","caller":"bash/main.go:64","msg":"Successfully executed command \"sh -c mkdir -p /workspace/source\"; output "}

Showing logs for build [32mcb-kubecd-environment-pr-198-37-cr58z-1[0m stage [32mfrom-build-pack[0m and container [32mstep-place-tools[0m

Showing logs for build [32mcb-kubecd-environment-pr-198-37-cr58z-1[0m stage [32mfrom-build-pack[0m and container [32mstep-git-source-cb-kubecd-environment-pr-198-37-cr58z-bc87q[0m
{"level":"warn","ts":1586515694.0891297,"logger":"fallback-logger","caller":"logging/config.go:69","msg":"Fetch GitHub commit ID from kodata failed: \"ref: refs/heads/0.8.0-**-support-backwards-incompats\" is not a valid GitHub commit ID"}
{"level":"info","ts":1586515695.2126567,"logger":"fallback-logger","caller":"git/git.go:103","msg":"Successfully cloned https://github.com/cb-kubecd/environment-pr-198-37-boot-gke-staging.git @ master in path /workspace/source"}

Showing logs for build [32mcb-kubecd-environment-pr-198-37-cr58z-1[0m stage [32mfrom-build-pack[0m and container [32mstep-git-merge[0m
Using SHAs from PULL_REFS=master:b92dfa671ff1b5f9f6928f7c083d403e6083a191,2:3a6c2c540ad191938a61d0171b4d0c1d3eba7bf7
DEBUG: LC_ALL=C JX_LOG_LEVEL=error git fetch origin --unshallow 3a6c2c540ad191938a61d0171b4d0c1d3eba7bf7: b92dfa671ff1b5f9f6928f7c083d403e6083a191:
DEBUG: ran git fetch --unshallow origin 3a6c2c540ad191938a61d0171b4d0c1d3eba7bf7: b92dfa671ff1b5f9f6928f7c083d403e6083a191: in 
DEBUG: LC_ALL=C JX_LOG_LEVEL=error git branch
DEBUG: LC_ALL=C JX_LOG_LEVEL=error git checkout master
DEBUG: ran git checkout master in 
DEBUG: LC_ALL=C JX_LOG_LEVEL=error git reset --hard b92dfa671ff1b5f9f6928f7c083d403e6083a191
DEBUG: ran git reset --hard b92dfa671ff1b5f9f6928f7c083d403e6083a191 in 
DEBUG: LC_ALL=C JX_LOG_LEVEL=error git clean -fd .
DEBUG: ran clean --force -d . in 
DEBUG: LC_ALL=C JX_LOG_LEVEL=error git merge 3a6c2c540ad191938a61d0171b4d0c1d3eba7bf7
DEBUG: ran git merge 3a6c2c540ad191938a61d0171b4d0c1d3eba7bf7 in 
DEBUG: LC_ALL=C JX_LOG_LEVEL=error git log --format=%H%x1f%an%x1f%ae%x1f%cn%x1f%ce%x1f%s%n%b%x1e b92dfa671ff1b5f9f6928f7c083d403e6083a191..HEAD
Merged SHA 3a6c2c540ad191938a61d0171b4d0c1d3eba7bf7 with commit message 'chore: Promote bdd-gh-1586515394 to version 0.0.1' into base branch master

Showing logs for build [32mcb-kubecd-environment-pr-198-37-cr58z-1[0m stage [32mfrom-build-pack[0m and container [32mstep-build-helm-build[0m
WARNING: No $CHART_REPOSITORY defined so using the default value of: http://jenkins-x-chartmuseum:8080
Adding missing Helm repo: storage.googleapis.com https://storage.googleapis.com/chartmuseum.jenkins-x.io
WARNING: No secrets found on "helm/repos" due: reading the secret "helm/repos" from vault: no secret "helm/repos" not found in vault
Read credentials for https://storage.googleapis.com/chartmuseum.jenkins-x.io from vault helm/repos
Successfully added Helm repository storage.googleapis.com.
Adding missing Helm repo: jenkins-x-chartmuseum http://jenkins-x-chartmuseum:8080
WARNING: No secrets found on "helm/repos" due: reading the secret "helm/repos" from vault: no secret "helm/repos" not found in vault
Read credentials for http://jenkins-x-chartmuseum:8080 from vault helm/repos
Successfully added Helm repository jenkins-x-chartmuseum.
WARNING: No $CHART_REPOSITORY defined so using the default value of: http://jenkins-x-chartmuseum:8080
Adding missing Helm repo: chartmuseum.jenkins-x.io http://chartmuseum.jenkins-x.io
WARNING: No secrets found on "helm/repos" due: reading the secret "helm/repos" from vault: no secret "helm/repos" not found in vault
Read credentials for http://chartmuseum.jenkins-x.io from vault helm/repos
Successfully added Helm repository chartmuseum.jenkins-x.io.
