
Showing logs for build [32mcb-kubecd-environment-pr-198-37-bxkcm-1[0m stage [32mfrom-build-pack[0m and container [32mstep-credential-initializer-cl69f[0m
{"level":"warn","ts":1586517076.9321558,"logger":"fallback-logger","caller":"logging/config.go:69","msg":"Fetch GitHub commit ID from kodata failed: \"ref: refs/heads/0.8.0-**-support-backwards-incompats\" is not a valid GitHub commit ID"}
{"level":"info","ts":1586517076.944677,"logger":"fallback-logger","caller":"creds-init/main.go:40","msg":"Credentials initialized."}

Showing logs for build [32mcb-kubecd-environment-pr-198-37-bxkcm-1[0m stage [32mfrom-build-pack[0m and container [32mstep-working-dir-initializer-b22fb[0m
{"level":"warn","ts":1586517078.1325586,"logger":"fallback-logger","caller":"logging/config.go:69","msg":"Fetch GitHub commit ID from kodata failed: open /var/run/ko/HEAD: no such file or directory"}
{"level":"info","ts":1586517078.143711,"logger":"fallback-logger","caller":"bash/main.go:64","msg":"Successfully executed command \"sh -c mkdir -p /workspace/source\"; output "}

Showing logs for build [32mcb-kubecd-environment-pr-198-37-bxkcm-1[0m stage [32mfrom-build-pack[0m and container [32mstep-place-tools[0m

Showing logs for build [32mcb-kubecd-environment-pr-198-37-bxkcm-1[0m stage [32mfrom-build-pack[0m and container [32mstep-git-source-cb-kubecd-environment-pr-198-37-bxkcm-c8dl2[0m
{"level":"warn","ts":1586517084.3679974,"logger":"fallback-logger","caller":"logging/config.go:69","msg":"Fetch GitHub commit ID from kodata failed: \"ref: refs/heads/0.8.0-**-support-backwards-incompats\" is not a valid GitHub commit ID"}
{"level":"info","ts":1586517085.4531176,"logger":"fallback-logger","caller":"git/git.go:103","msg":"Successfully cloned https://github.com/cb-kubecd/environment-pr-198-37-boot-gke-staging.git @ master in path /workspace/source"}

Showing logs for build [32mcb-kubecd-environment-pr-198-37-bxkcm-1[0m stage [32mfrom-build-pack[0m and container [32mstep-git-merge[0m
Using SHAs from PULL_REFS=master:22a58dbf18266ed3c0b6cc79a441774ff3ba8425,4:ac561589ce0880de9d7dc7d350519a4e680d388d
DEBUG: LC_ALL=C JX_LOG_LEVEL=error git fetch origin --unshallow ac561589ce0880de9d7dc7d350519a4e680d388d: 22a58dbf18266ed3c0b6cc79a441774ff3ba8425:
DEBUG: ran git fetch --unshallow origin ac561589ce0880de9d7dc7d350519a4e680d388d: 22a58dbf18266ed3c0b6cc79a441774ff3ba8425: in 
DEBUG: JX_LOG_LEVEL=error LC_ALL=C git branch
DEBUG: LC_ALL=C JX_LOG_LEVEL=error git checkout master
DEBUG: ran git checkout master in 
DEBUG: LC_ALL=C JX_LOG_LEVEL=error git reset --hard 22a58dbf18266ed3c0b6cc79a441774ff3ba8425
DEBUG: ran git reset --hard 22a58dbf18266ed3c0b6cc79a441774ff3ba8425 in 
DEBUG: LC_ALL=C JX_LOG_LEVEL=error git clean -fd .
DEBUG: ran clean --force -d . in 
DEBUG: LC_ALL=C JX_LOG_LEVEL=error git merge ac561589ce0880de9d7dc7d350519a4e680d388d
DEBUG: ran git merge ac561589ce0880de9d7dc7d350519a4e680d388d in 
DEBUG: LC_ALL=C JX_LOG_LEVEL=error git log --format=%H%x1f%an%x1f%ae%x1f%cn%x1f%ce%x1f%s%n%b%x1e 22a58dbf18266ed3c0b6cc79a441774ff3ba8425..HEAD
Merged SHA ac561589ce0880de9d7dc7d350519a4e680d388d with commit message 'chore: Promote bdd-sbhg-1586515394 to version 0.0.1' into base branch master

Showing logs for build [32mcb-kubecd-environment-pr-198-37-bxkcm-1[0m stage [32mfrom-build-pack[0m and container [32mstep-build-helm-build[0m
WARNING: No $CHART_REPOSITORY defined so using the default value of: http://jenkins-x-chartmuseum:8080
Adding missing Helm repo: storage.googleapis.com https://storage.googleapis.com/chartmuseum.jenkins-x.io
WARNING: No secrets found on "helm/repos" due: reading the secret "helm/repos" from vault: no secret "helm/repos" not found in vault
Read credentials for https://storage.googleapis.com/chartmuseum.jenkins-x.io from vault helm/repos
Successfully added Helm repository storage.googleapis.com.
Adding missing Helm repo: jenkins-x-chartmuseum http://jenkins-x-chartmuseum:8080
WARNING: No secrets found on "helm/repos" due: reading the secret "helm/repos" from vault: no secret "helm/repos" not found in vault
Read credentials for http://jenkins-x-chartmuseum:8080 from vault helm/repos
Successfully added Helm repository jenkins-x-chartmuseum.
WARNING: No $CHART_REPOSITORY defined so using the default value of: http://jenkins-x-chartmuseum:8080
Adding missing Helm repo: chartmuseum.jenkins-x.io http://chartmuseum.jenkins-x.io
WARNING: No secrets found on "helm/repos" due: reading the secret "helm/repos" from vault: no secret "helm/repos" not found in vault
Read credentials for http://chartmuseum.jenkins-x.io from vault helm/repos
Successfully added Helm repository chartmuseum.jenkins-x.io.
